2025-10-03 09:51:46,580 [INFO] Encontrados 0 correo(s) pendientes del remitente hospitalposadas.gob.ar
2025-10-03 09:52:48,175 [INFO] Encontrados 0 correo(s) pendientes del remitente hospitalposadas.gob.ar
2025-10-03 09:53:49,712 [INFO] Encontrados 0 correo(s) pendientes del remitente hospitalposadas.gob.ar
2025-10-03 09:54:51,231 [INFO] Encontrados 0 correo(s) pendientes del remitente hospitalposadas.gob.ar
2025-10-03 09:55:52,747 [INFO] Encontrados 0 correo(s) pendientes del remitente hospitalposadas.gob.ar
2025-10-03 09:56:54,332 [INFO] Encontrados 0 correo(s) pendientes del remitente hospitalposadas.gob.ar
2025-10-03 09:57:55,929 [INFO] Encontrados 0 correo(s) pendientes del remitente hospitalposadas.gob.ar
2025-10-03 09:58:57,529 [INFO] Encontrados 0 correo(s) pendientes del remitente hospitalposadas.gob.ar
2025-10-03 09:59:59,123 [INFO] Encontrados 0 correo(s) pendientes del remitente hospitalposadas.gob.ar
2025-10-03 10:01:00,673 [INFO] Encontrados 0 correo(s) pendientes del remitente hospitalposadas.gob.ar
2025-10-03 10:02:02,217 [INFO] Encontrados 0 correo(s) pendientes del remitente hospitalposadas.gob.ar
2025-10-03 10:03:03,765 [INFO] Encontrados 0 correo(s) pendientes del remitente hospitalposadas.gob.ar
2025-10-03 10:04:05,295 [INFO] Encontrados 0 correo(s) pendientes del remitente hospitalposadas.gob.ar
2025-10-03 10:05:06,817 [INFO] Encontrados 0 correo(s) pendientes del remitente hospitalposadas.gob.ar
2025-10-03 10:06:08,346 [INFO] Encontrados 0 correo(s) pendientes del remitente hospitalposadas.gob.ar
2025-10-03 10:07:09,886 [INFO] Encontrados 0 correo(s) pendientes del remitente hospitalposadas.gob.ar
2025-10-03 10:08:11,411 [INFO] Encontrados 0 correo(s) pendientes del remitente hospitalposadas.gob.ar
2025-10-03 10:09:12,978 [INFO] Encontrados 0 correo(s) pendientes del remitente hospitalposadas.gob.ar
2025-10-03 10:10:14,572 [INFO] Encontrados 0 correo(s) pendientes del remitente hospitalposadas.gob.ar
2025-10-03 10:11:16,157 [INFO] Encontrados 0 correo(s) pendientes del remitente hospitalposadas.gob.ar
2025-10-03 10:12:21,708 [INFO] Encontrados 0 correo(s) pendientes del remitente hospitalposadas.gob.ar
2025-10-03 10:13:23,280 [INFO] Encontrados 0 correo(s) pendientes del remitente hospitalposadas.gob.ar
2025-10-03 10:14:24,819 [INFO] Encontrados 0 correo(s) pendientes del remitente hospitalposadas.gob.ar
2025-10-03 10:15:26,340 [INFO] Encontrados 0 correo(s) pendientes del remitente hospitalposadas.gob.ar
2025-10-03 10:16:27,875 [INFO] Encontrados 0 correo(s) pendientes del remitente hospitalposadas.gob.ar
2025-10-03 10:17:29,414 [INFO] Encontrados 0 correo(s) pendientes del remitente hospitalposadas.gob.ar
2025-10-03 10:18:30,932 [INFO] Encontrados 0 correo(s) pendientes del remitente hospitalposadas.gob.ar
2025-10-03 10:19:32,447 [INFO] Encontrados 0 correo(s) pendientes del remitente hospitalposadas.gob.ar
2025-10-03 10:20:33,955 [INFO] Encontrados 0 correo(s) pendientes del remitente hospitalposadas.gob.ar
2025-10-03 10:21:35,483 [INFO] Encontrados 0 correo(s) pendientes del remitente hospitalposadas.gob.ar
2025-10-03 10:22:37,065 [INFO] Encontrados 0 correo(s) pendientes del remitente hospitalposadas.gob.ar
2025-10-03 10:23:38,640 [INFO] Encontrados 0 correo(s) pendientes del remitente hospitalposadas.gob.ar
2025-10-03 10:24:40,163 [INFO] Encontrados 0 correo(s) pendientes del remitente hospitalposadas.gob.ar
2025-10-03 10:25:41,686 [INFO] Encontrados 0 correo(s) pendientes del remitente hospitalposadas.gob.ar
2025-10-03 10:26:43,210 [INFO] Encontrados 0 correo(s) pendientes del remitente hospitalposadas.gob.ar
2025-10-03 10:27:44,792 [INFO] Encontrados 0 correo(s) pendientes del remitente hospitalposadas.gob.ar
2025-10-03 10:28:46,395 [INFO] Encontrados 0 correo(s) pendientes del remitente hospitalposadas.gob.ar
2025-10-03 10:29:47,935 [INFO] Encontrados 0 correo(s) pendientes del remitente hospitalposadas.gob.ar
2025-10-03 10:30:49,479 [INFO] Encontrados 0 correo(s) pendientes del remitente hospitalposadas.gob.ar
2025-10-03 10:31:51,023 [INFO] Encontrados 0 correo(s) pendientes del remitente hospitalposadas.gob.ar
2025-10-03 10:32:52,604 [INFO] Encontrados 0 correo(s) pendientes del remitente hospitalposadas.gob.ar
2025-10-03 10:33:54,136 [INFO] Encontrados 0 correo(s) pendientes del remitente hospitalposadas.gob.ar
2025-10-03 10:34:55,712 [INFO] Encontrados 0 correo(s) pendientes del remitente hospitalposadas.gob.ar
2025-10-03 10:35:57,308 [INFO] Encontrados 0 correo(s) pendientes del remitente hospitalposadas.gob.ar
2025-10-03 10:36:58,816 [INFO] Encontrados 0 correo(s) pendientes del remitente hospitalposadas.gob.ar
2025-10-03 10:38:00,324 [INFO] Encontrados 0 correo(s) pendientes del remitente hospitalposadas.gob.ar
2025-10-03 10:38:55,825 [ERROR] Fallo general en ciclo: name 'ids' is not defined
2025-10-03 10:39:57,220 [ERROR] Fallo general en ciclo: name 'ids' is not defined
2025-10-03 10:43:08,540 [INFO] Encontrados 1 correo(s) pendientes del remitente hospitalposadas.gob.ar
2025-10-03 10:43:09,330 [INFO] Procesando mensaje 16 de marco.deandrea@hospitalposadas.gob.ar - Asunto: 
2025-10-03 10:43:09,341 [INFO] Adjunto guardado: /data/2025/10/03/Nuevo Documento de texto.txt
2025-10-03 10:43:09,344 [INFO] Enviando confirmación a marco.deandrea@hospitalposadas.gob.ar vía mail.hospitalposadas.gob.ar:587 (starttls)
2025-10-03 11:00:12,750 [INFO] Encontrados 1 correo(s) pendientes del remitente hospitalposadas.gob.ar
2025-10-03 11:00:13,566 [INFO] Procesando mensaje 17 de marco.deandrea@hospitalposadas.gob.ar - Asunto: 
2025-10-03 11:00:13,577 [INFO] Adjunto guardado: /data/2025/10/03/Nuevo Documento de texto_1759500013.txt
2025-10-03 11:00:13,579 [INFO] Enviando confirmación a marco.deandrea@hospitalposadas.gob.ar vía mail.hospitalposadas.gob.ar:587 (starttls)
2025-10-03 11:02:09,289 [INFO] Encontrados 1 correo(s) pendientes del remitente hospitalposadas.gob.ar
2025-10-03 11:02:10,074 [INFO] Procesando mensaje 18 de marco.deandrea@hospitalposadas.gob.ar - Asunto: 
2025-10-03 11:02:10,085 [INFO] Adjunto guardado: /data/2025/10/03/Nuevo Documento de texto_1759500130.txt
2025-10-03 11:02:10,087 [INFO] Enviando confirmación a marco.deandrea@hospitalposadas.gob.ar vía mail.hospitalposadas.gob.ar:587 (starttls)
2025-10-03 11:25:52,051 [INFO] Encontrados 1 correo(s) pendientes del remitente hospitalposadas.gob.ar
2025-10-03 11:25:52,870 [INFO] Procesando mensaje 19 de marco.deandrea@hospitalposadas.gob.ar - Asunto: 
2025-10-03 11:25:52,884 [INFO] Adjunto guardado: /data/2025/10/03/Nuevo Documento de texto (2)_1759501552.txt
2025-10-03 11:25:52,886 [INFO] Enviando confirmación a marco.deandrea@hospitalposadas.gob.ar vía mail.hospitalposadas.gob.ar:587 (starttls)
2025-10-03 11:28:23,259 [INFO] Encontrados 1 correo(s) pendientes del remitente hospitalposadas.gob.ar
2025-10-03 11:28:24,047 [INFO] Procesando mensaje 20 de marco.deandrea@hospitalposadas.gob.ar - Asunto: Hola esto es un documento que envio
2025-10-03 11:28:24,057 [INFO] Adjunto guardado: /data/2025/10/03/Nuevo Documento de texto_1759501704.txt
2025-10-03 11:28:24,059 [INFO] Enviando confirmación a marco.deandrea@hospitalposadas.gob.ar vía mail.hospitalposadas.gob.ar:587 (starttls)
2025-10-03 11:35:36,559 [INFO] Encontrados 1 correo(s) pendientes del remitente hospitalposadas.gob.ar
2025-10-03 11:35:37,485 [INFO] Procesando mensaje 21 de marco.deandrea@hospitalposadas.gob.ar - Asunto: 
2025-10-03 11:35:37,502 [INFO] Adjunto guardado: /data/2025/10/03/Nuevo Hoja de cálculo de Microsoft Excel_1759502137.xlsx
2025-10-03 11:35:37,504 [INFO] Enviando confirmación a marco.deandrea@hospitalposadas.gob.ar vía mail.hospitalposadas.gob.ar:587 (starttls)
2025-10-03 11:39:01,977 [INFO] Encontrados 1 correo(s) pendientes del remitente hospitalposadas.gob.ar
2025-10-03 11:39:02,910 [INFO] Procesando mensaje 22 de marco.deandrea@hospitalposadas.gob.ar - Asunto: 
2025-10-03 11:39:02,920 [INFO] Adjunto guardado: /data/2025/10/03/Nuevo Hoja de cálculo de Microsoft Excel_1759502342.xlsx
2025-10-03 11:39:02,926 [INFO] Adjunto guardado: /data/2025/10/03/Nuevo Documento de texto (2)_1759502342.txt
2025-10-03 11:39:02,928 [INFO] Enviando confirmación a marco.deandrea@hospitalposadas.gob.ar vía mail.hospitalposadas.gob.ar:465 (starttls)
2025-10-03 11:39:23,251 [ERROR] Error procesando mensaje 22: Connection unexpectedly closed
2025-10-03 11:44:11,754 [INFO] Encontrados 1 correo(s) pendientes del remitente hospitalposadas.gob.ar
2025-10-03 11:44:12,680 [INFO] Procesando mensaje 23 de marco.deandrea@hospitalposadas.gob.ar - Asunto: 
2025-10-03 11:44:12,698 [INFO] Adjunto guardado: /data/2025/10/03/Nuevo Documento de texto (2)_1759502652.txt
2025-10-03 11:44:12,704 [INFO] Adjunto guardado: /data/2025/10/03/Nuevo Hoja de cálculo de Microsoft Excel_1759502652.xlsx
2025-10-03 11:44:12,706 [INFO] Enviando confirmación a marco.deandrea@hospitalposadas.gob.ar vía mail.hospitalposadas.gob.ar:465 (starttls)
2025-10-03 11:44:33,024 [ERROR] Error procesando mensaje 23: Connection unexpectedly closed
2025-10-03 11:47:06,446 [INFO] Encontrados 1 correo(s) pendientes del remitente hospitalposadas.gob.ar
2025-10-03 11:47:07,429 [INFO] Procesando mensaje 24 de marco.deandrea@hospitalposadas.gob.ar - Asunto: 
2025-10-03 11:47:07,438 [INFO] Adjunto guardado: /data/2025/10/03/Nuevo Documento de texto (2)_1759502827.txt
2025-10-03 11:47:07,445 [INFO] Adjunto guardado: /data/2025/10/03/Nuevo Hoja de cálculo de Microsoft Excel_1759502827.xlsx
2025-10-03 11:47:07,446 [INFO] Enviando confirmación a marco.deandrea@hospitalposadas.gob.ar vía mail.hospitalposadas.gob.ar:587 (starttls)
2025-10-03 11:49:01,102 [INFO] Encontrados 1 correo(s) pendientes del remitente hospitalposadas.gob.ar
2025-10-03 11:49:01,922 [INFO] Procesando mensaje 25 de marco.deandrea@hospitalposadas.gob.ar - Asunto: 
2025-10-03 11:49:01,931 [INFO] Adjunto guardado: /data/2025/10/03/Nuevo Documento de texto (2)_1759502941.txt
2025-10-03 11:49:01,937 [INFO] Adjunto guardado: /data/2025/10/03/Nuevo Documento de texto_1759502941.txt
2025-10-03 11:49:01,939 [INFO] Enviando confirmación a marco.deandrea@hospitalposadas.gob.ar vía mail.hospitalposadas.gob.ar:587 (starttls)
2025-10-03 11:56:15,767 [ERROR] Fallo general en ciclo: b'[AUTHENTICATIONFAILED] Authentication failed.'
2025-10-03 11:56:51,465 [ERROR] Fallo general en ciclo: b'[AUTHENTICATIONFAILED] Authentication failed.'
2025-10-03 11:57:35,425 [ERROR] Fallo general en ciclo: b'[AUTHENTICATIONFAILED] Authentication failed.'
2025-10-03 11:58:37,771 [ERROR] Fallo general en ciclo: b'[AUTHENTICATIONFAILED] Authentication failed.'
2025-10-03 11:58:52,754 [ERROR] Fallo general en ciclo: b'[AUTHENTICATIONFAILED] Authentication failed.'
2025-10-03 11:59:55,586 [ERROR] Fallo general en ciclo: b'[AUTHENTICATIONFAILED] Authentication failed.'
2025-10-03 12:00:15,620 [ERROR] Fallo general en ciclo: b'[AUTHENTICATIONFAILED] Authentication failed.'
2025-10-03 12:00:56,463 [ERROR] Fallo general en ciclo: b'[AUTHENTICATIONFAILED] Authentication failed.'
2025-10-03 12:02:03,504 [ERROR] Fallo general en ciclo: b'[AUTHENTICATIONFAILED] Authentication failed.'
2025-10-03 12:03:05,795 [ERROR] Fallo general en ciclo: b'[AUTHENTICATIONFAILED] Authentication failed.'
2025-10-03 12:04:08,718 [ERROR] Fallo general en ciclo: b'[AUTHENTICATIONFAILED] Authentication failed.'
2025-10-03 12:05:11,599 [ERROR] Fallo general en ciclo: b'[AUTHENTICATIONFAILED] Authentication failed.'
2025-10-03 12:06:43,389 [ERROR] Fallo general en ciclo: b'[AUTHENTICATIONFAILED] Authentication failed.'
2025-10-03 12:07:45,590 [ERROR] Fallo general en ciclo: b'[AUTHENTICATIONFAILED] Authentication failed.'
2025-10-03 12:08:34,408 [ERROR] Fallo general en ciclo: b'[AUTHENTICATIONFAILED] Authentication failed.'
2025-10-03 13:08:45,202 [ERROR] Fallo general en ciclo: b'[AUTHENTICATIONFAILED] Authentication failed.'
2025-10-03 13:09:47,997 [ERROR] Fallo general en ciclo: b'[AUTHENTICATIONFAILED] Authentication failed.'
2025-10-03 13:10:50,179 [ERROR] Fallo general en ciclo: b'[AUTHENTICATIONFAILED] Authentication failed.'
2025-10-03 13:11:53,055 [ERROR] Fallo general en ciclo: b'[AUTHENTICATIONFAILED] Authentication failed.'
2025-10-03 13:12:55,347 [ERROR] Fallo general en ciclo: b'[AUTHENTICATIONFAILED] Authentication failed.'
2025-10-03 13:13:31,115 [ERROR] Fallo general en ciclo: b'[AUTHENTICATIONFAILED] Authentication failed.'
2025-10-03 13:14:16,361 [ERROR] Fallo general en ciclo: b'[AUTHENTICATIONFAILED] Authentication failed.'
2025-10-03 14:30:28,493 [ERROR] Fallo general en ciclo: command: LOGIN => socket error: EOF
2025-10-06 20:32:20,251 [INFO] [TASK ee58669e] 0 mensaje(s) pendientes.
2025-10-06 20:33:21,834 [INFO] [TASK 78006d1b] 0 mensaje(s) pendientes.
2025-10-06 20:34:23,415 [INFO] [TASK 9d879736] 0 mensaje(s) pendientes.
2025-10-06 20:35:25,023 [INFO] [TASK 25f96056] 0 mensaje(s) pendientes.
2025-10-06 20:36:26,579 [INFO] [TASK 207fec9c] 0 mensaje(s) pendientes.
2025-10-06 20:37:28,217 [INFO] [TASK 9cd65375] 0 mensaje(s) pendientes.
2025-10-06 20:38:29,863 [INFO] [TASK 5d173f9a] 0 mensaje(s) pendientes.
2025-10-06 20:39:31,477 [INFO] [TASK 113b554e] 0 mensaje(s) pendientes.
2025-10-06 20:40:33,841 [INFO] [TASK 7e8dd87c] 0 mensaje(s) pendientes.
2025-10-06 20:41:35,431 [INFO] [TASK 0a542fbe] 0 mensaje(s) pendientes.
2025-10-06 20:42:37,015 [INFO] [TASK e14f558c] 0 mensaje(s) pendientes.
2025-10-06 20:43:38,640 [INFO] [TASK 0b9d9c00] 0 mensaje(s) pendientes.
2025-10-06 20:44:40,230 [INFO] [TASK 66aaa4a1] 0 mensaje(s) pendientes.
2025-10-06 20:45:41,857 [INFO] [TASK d507b4ff] 0 mensaje(s) pendientes.
2025-10-06 20:46:43,476 [INFO] [TASK fdc1d002] 0 mensaje(s) pendientes.
2025-10-06 20:47:45,140 [INFO] [TASK 2545ffe4] 0 mensaje(s) pendientes.
2025-10-06 20:48:46,775 [INFO] [TASK 80b27e76] 0 mensaje(s) pendientes.
2025-10-06 20:49:48,372 [INFO] [TASK cc98c13c] 0 mensaje(s) pendientes.
2025-10-06 20:50:49,976 [INFO] [TASK 3eee4907] 0 mensaje(s) pendientes.
2025-10-06 20:51:51,570 [INFO] [TASK 246b68f5] 0 mensaje(s) pendientes.
2025-10-06 20:52:53,196 [INFO] [TASK fed548f0] 0 mensaje(s) pendientes.
2025-10-06 20:53:54,857 [INFO] [TASK 45988db7] 0 mensaje(s) pendientes.
2025-10-06 20:54:56,421 [INFO] [TASK 4c4bc003] 0 mensaje(s) pendientes.
2025-10-06 20:55:58,042 [INFO] [TASK 1f83b1ff] 0 mensaje(s) pendientes.
2025-10-06 20:56:59,626 [INFO] [TASK b7fbc06e] 0 mensaje(s) pendientes.
2025-10-06 20:58:01,250 [INFO] [TASK 73a6cb58] 0 mensaje(s) pendientes.
2025-10-06 20:59:02,892 [INFO] [TASK 693c1aa4] 0 mensaje(s) pendientes.
2025-10-06 21:00:04,472 [INFO] [TASK c2b91d24] 0 mensaje(s) pendientes.
2025-10-06 21:01:06,078 [INFO] [TASK f745afb1] 0 mensaje(s) pendientes.
2025-10-06 21:02:07,709 [INFO] [TASK 9d25ac08] 0 mensaje(s) pendientes.
2025-10-06 21:03:09,285 [INFO] [TASK c4b3a609] 0 mensaje(s) pendientes.
2025-10-06 21:04:10,894 [INFO] [TASK 2bdb3b5f] 0 mensaje(s) pendientes.
2025-10-06 21:05:12,463 [INFO] [TASK edeb747a] 0 mensaje(s) pendientes.
2025-10-06 21:06:14,094 [INFO] [TASK b32dbc02] 0 mensaje(s) pendientes.
2025-10-06 21:07:15,721 [INFO] [TASK 799ce616] 0 mensaje(s) pendientes.
2025-10-06 21:19:34,160 [INFO] [TASK 320855ba] Enviando alerta a system.warning@hospitalposadas.gob.ar
2025-10-06 21:21:32,704 [INFO] [TASK f3e2a1f5] Adjunto guardado: /data/2025/10/06/oral task 2.pdf
2025-10-06 21:21:32,705 [INFO] [TASK f3e2a1f5] Enviando confirmación a marcodeandrea@hotmail.com.ar
2025-10-06 21:28:38,670 [INFO] [TASK a86d2070] 1 mensaje(s) pendientes.
2025-10-06 21:28:39,042 [INFO] [TASK a86d2070] Enviando alerta a system.warning@hospitalposadas.gob.ar
2025-10-06 22:26:59,902 [INFO] [TASK c954a5b9] 1 mensaje(s) pendientes.
2025-10-06 22:27:00,271 [INFO] [TASK c954a5b9] Enviando alerta a system.warning@hospitalposadas.gob.ar
2025-10-06 22:32:34,677 [INFO] [TASK 948f2afa] 1 mensaje(s) pendientes.
2025-10-06 22:32:37,455 [INFO] [TASK 948f2afa] Adjunto guardado: /data/2025/10/06/oral task 2_1759800757.pdf
2025-10-06 22:32:37,456 [INFO] [TASK 948f2afa] Enviando confirmación a marcodeandrea@hotmail.com.ar
2025-10-06 22:34:23,725 [INFO] [TASK 08b283df] 1 mensaje(s) pendientes.
2025-10-06 22:34:24,098 [INFO] [TASK 08b283df] Enviando alerta a system.warning@hospitalposadas.gob.ar
2025-10-06 22:35:24,107 [INFO] [TASK 9957b7e7] 1 mensaje(s) pendientes.
2025-10-06 22:35:24,465 [INFO] [TASK 9957b7e7] Enviando alerta a system.warning@hospitalposadas.gob.ar
2025-10-07 08:27:07,267 [INFO] [TASK e5d44f1a] 1 mensaje(s) pendientes.
2025-10-07 08:27:08,051 [INFO] [TASK e5d44f1a] Enviando alerta a system.warning@hospitalposadas.gob.ar
2025-10-07 08:39:58,226 [INFO] [TASK e36622a3] 1 mensaje(s) pendientes.
2025-10-07 08:39:59,051 [INFO] [TASK e36622a3] Enviando alerta a system.warning@hospitalposadas.gob.ar
2025-10-07 08:43:49,950 [INFO] [TASK 3c646a5c] 1 mensaje(s) pendientes.
2025-10-07 08:43:50,740 [INFO] [TASK 3c646a5c] Enviando alerta a system.warning@hospitalposadas.gob.ar
2025-10-07 08:50:56,189 [INFO] [TASK 4d0a09a3] 1 mensaje(s) pendientes.
2025-10-07 08:50:56,985 [INFO] [TASK 4d0a09a3] Enviando alerta a system.warning@hospitalposadas.gob.ar
2025-10-07 09:05:15,206 [INFO] [TASK e48deefb] 1 mensaje(s) pendientes.
2025-10-07 09:05:15,685 [INFO] [TASK e48deefb] Enviando alerta a system.warning@hospitalposadas.gob.ar
2025-10-07 10:02:41,621 [INFO] [TASK 2336cbdb] Iniciando ciclo: 1 mensaje(s) pendientes del filtro 
2025-10-07 10:02:42,114 [INFO] [TASK 2336cbdb] Procesando mensaje 70 de marco.deandrea@hospitalposadas.gob.ar - Asunto: 
2025-10-07 10:02:42,119 [WARNING] [TASK 2336cbdb] Enviando ALERTA a system.warning@hospitalposadas.gob.ar
2025-10-07 10:02:44,052 [INFO] [TASK 2336cbdb] Enviando aviso de error al remitente: marco.deandrea@hospitalposadas.gob.ar
2025-10-07 10:05:16,874 [INFO] [TASK 36d89330] Iniciando ciclo: 1 mensaje(s) pendientes del filtro 
2025-10-07 10:05:17,040 [INFO] Omitido por ser respuesta (reply). From=marco.deandrea@hospitalposadas.gob.ar Subject=RE: [Aviso] No se pudieron procesar tus adjuntos - Re: 
2025-10-07 10:06:21,625 [INFO] [TASK 34916900] Iniciando ciclo: 1 mensaje(s) pendientes del filtro 
2025-10-07 10:06:22,099 [INFO] [TASK 34916900] Procesando mensaje 72 de marco.deandrea@hospitalposadas.gob.ar - Asunto: 
2025-10-07 10:06:22,107 [INFO] [TASK 34916900] Adjunto guardado: /data/2025/10/07/logs.log
2025-10-07 10:06:22,109 [INFO] [TASK 34916900] Enviando confirmación a marco.deandrea@hospitalposadas.gob.ar
2025-10-07 10:06:47,419 [INFO] [TASK edd066d6] Iniciando ciclo: 1 mensaje(s) pendientes del filtro 
2025-10-07 10:06:47,585 [INFO] Omitido por ser respuesta (reply). From=marco.deandrea@hospitalposadas.gob.ar Subject=RE: [Confirmación] Archivo recibido y guardado - Re:
2025-10-07 10:32:26,732 [INFO] [TASK 5c58326c] Iniciando ciclo: 2 mensaje(s) pendientes del filtro 
2025-10-07 10:32:27,552 [INFO] [TASK 5c58326c] Procesando mensaje 74 de marco.deandrea@hospitalposadas.gob.ar - Asunto: Hola
2025-10-07 10:32:27,557 [INFO] [TASK 5c58326c] Enviando ALERTA a system.warning@hospitalposadas.gob.ar
2025-10-07 10:32:29,516 [INFO] [TASK 5c58326c] Enviando aviso de error al remitente: marco.deandrea@hospitalposadas.gob.ar
2025-10-07 10:32:33,829 [INFO] [TASK 5c58326c] Procesando mensaje 75 de marco.deandrea@hospitalposadas.gob.ar - Asunto: holaaaaa
2025-10-07 10:32:33,837 [INFO] [TASK 5c58326c] Adjunto guardado: /data/2025/10/07/logs_1759843953.log
2025-10-07 10:32:33,838 [INFO] [TASK 5c58326c] Enviando confirmación a marco.deandrea@hospitalposadas.gob.ar
2025-10-07 10:36:27,780 [INFO] [Task-id 2d4378f8] Iniciando ciclo: 1 mensaje(s) pendientes del filtro 
2025-10-07 10:36:27,939 [INFO] Omitido por ser respuesta (reply). From=marco.deandrea@hospitalposadas.gob.ar Subject=RE: [Confirmación] Archivo recibido y guardado - Re: holaaaaa
2025-10-07 10:36:39,732 [INFO] [Task-id a9abe31d] Iniciando ciclo: 6 mensaje(s) pendientes del filtro 
2025-10-07 10:36:39,897 [INFO] Omitido por ser respuesta (reply). From=marco.deandrea@hospitalposadas.gob.ar Subject=RE: [Confirmación] Archivo recibido y guardado - Re: holaaaaa
2025-10-07 10:36:40,390 [INFO] Omitido por ser respuesta (reply). From=marco.deandrea@hospitalposadas.gob.ar Subject=RE: [Confirmación] Archivo recibido y guardado - Re: holaaaaa
2025-10-07 10:36:40,879 [INFO] Omitido por ser respuesta (reply). From=marco.deandrea@hospitalposadas.gob.ar Subject=RE: [Confirmación] Archivo recibido y guardado - Re: holaaaaa
2025-10-07 10:36:41,371 [INFO] Omitido por ser respuesta (reply). From=marco.deandrea@hospitalposadas.gob.ar Subject=RE: [Confirmación] Archivo recibido y guardado - Re: holaaaaa
2025-10-07 10:36:41,865 [INFO] Omitido por ser respuesta (reply). From=marco.deandrea@hospitalposadas.gob.ar Subject=RE: [Confirmación] Archivo recibido y guardado - Re: holaaaaa
2025-10-07 10:36:42,358 [INFO] Omitido por ser respuesta (reply). From=marco.deandrea@hospitalposadas.gob.ar Subject=RE: [Confirmación] Archivo recibido y guardado - Re: holaaaaa
2025-10-07 10:36:54,188 [INFO] [Task-id 1dac7af0] Iniciando ciclo: 2 mensaje(s) pendientes del filtro 
2025-10-07 10:36:54,354 [INFO] Omitido por ser respuesta (reply). From=marco.deandrea@hospitalposadas.gob.ar Subject=RE: [Confirmación] Archivo recibido y guardado - Re: holaaaaa
2025-10-07 10:36:54,847 [INFO] Omitido por ser respuesta (reply). From=marco.deandrea@hospitalposadas.gob.ar Subject=RE: [Confirmación] Archivo recibido y guardado - Re: holaaaaa
2025-10-07 10:37:29,569 [INFO] [Task-id 590e4ab6] Iniciando ciclo: 1 mensaje(s) pendientes del filtro 
2025-10-07 10:37:33,913 [INFO] [Task-id 590e4ab6] Procesando mensaje 85 de marco.deandrea@hospitalposadas.gob.ar - Asunto: aaa
2025-10-07 10:37:33,920 [INFO] [Task-id 590e4ab6] Enviando ALERTA a system.warning@hospitalposadas.gob.ar
2025-10-07 10:37:35,929 [INFO] [Task-id 590e4ab6] Enviando aviso de error al remitente: marco.deandrea@hospitalposadas.gob.ar
2025-10-07 10:42:27,527 [INFO] [Task-id 35dcb491] Iniciando ciclo: 1 mensaje(s) pendientes del filtro 
2025-10-07 10:42:28,308 [INFO] [Task-id 35dcb491] Procesando mensaje 86 de marco.deandrea@hospitalposadas.gob.ar - Asunto: muchos archivos
2025-10-07 10:42:28,312 [INFO] [Task-id 35dcb491] Enviando ALERTA a system.warning@hospitalposadas.gob.ar
2025-10-07 10:42:30,234 [INFO] [Task-id 35dcb491] Enviando aviso de error al remitente: marco.deandrea@hospitalposadas.gob.ar
2025-10-07 11:02:41,371 [INFO] [Task-id c19c2899] Iniciando ciclo: 1 mensaje(s) pendientes del filtro 
2025-10-07 11:02:41,528 [INFO] Omitido por ser respuesta (reply). From=marco.deandrea@hospitalposadas.gob.ar Subject=RE: [Aviso] No se pudieron procesar tus adjuntos - Re: muchos archivos
2025-10-07 13:13:28,391 [ERROR] Fallo general en ciclo: [Errno -5] No address associated with hostname
2025-10-07 13:24:51,339 [ERROR] Fallo general en ciclo: [Errno -5] No address associated with hostname
2025-10-07 14:19:00,536 [ERROR] Fallo general en ciclo: [Errno -2] Name or service not known
2025-10-07 14:48:36,609 [INFO] [Task-id a54f9f2e] Iniciando ciclo: 1 mensaje(s) pendientes del filtro 
2025-10-07 14:48:37,245 [INFO] [Task-id a54f9f2e] Procesando mensaje 88 de marco.deandrea@hospitalposadas.gob.ar - Asunto: 
2025-10-07 14:48:37,257 [INFO] [Task-id a54f9f2e] Enviando ALERTA a system.warning@hospitalposadas.gob.ar
2025-10-07 14:48:39,218 [INFO] [Task-id a54f9f2e] Enviando aviso de error al remitente: marco.deandrea@hospitalposadas.gob.ar
2025-10-07 15:01:37,614 [ERROR] Fallo general en ciclo: socket error: EOF occurred in violation of protocol (_ssl.c:2437)
2025-10-07 15:25:23,890 [ERROR] Fallo general en ciclo: [Errno -2] Name or service not known
2025-10-07 15:36:32,486 [ERROR] Fallo general en ciclo: [Errno -5] No address associated with hostname
2025-10-07 15:51:54,780 [ERROR] Fallo general en ciclo: [SSL: UNEXPECTED_EOF_WHILE_READING] EOF occurred in violation of protocol (_ssl.c:1016)
2025-10-07 16:05:28,708 [ERROR] Fallo general en ciclo: [Errno -5] No address associated with hostname
2025-10-07 16:17:02,470 [ERROR] Fallo general en ciclo: [Errno -5] No address associated with hostname
2025-10-07 16:39:33,968 [ERROR] Fallo general en ciclo: [Errno -5] No address associated with hostname
2025-10-07 16:52:25,877 [ERROR] Fallo general en ciclo: [Errno -2] Name or service not known
2025-10-07 16:54:44,827 [ERROR] Fallo general en ciclo: [Errno 111] Connection refused
2025-10-07 16:55:15,882 [ERROR] Fallo general en ciclo: [Errno 111] Connection refused
2025-10-07 16:59:29,110 [ERROR] Fallo general en ciclo: socket error: EOF occurred in violation of protocol (_ssl.c:2437)
2025-10-07 17:00:00,137 [ERROR] Fallo general en ciclo: [Errno 111] Connection refused
2025-10-07 17:05:44,155 [ERROR] Fallo general en ciclo: socket error: EOF
2025-10-07 17:06:15,219 [ERROR] Fallo general en ciclo: [Errno 111] Connection refused
2025-10-07 17:07:43,616 [ERROR] Fallo general en ciclo: [Errno 111] Connection refused
2025-10-07 17:08:14,680 [ERROR] Fallo general en ciclo: [Errno 111] Connection refused
2025-10-07 17:17:51,573 [ERROR] Fallo general en ciclo: [Errno -5] No address associated with hostname
2025-10-07 17:30:44,710 [ERROR] Fallo general en ciclo: [Errno -2] Name or service not known
2025-10-07 17:46:51,811 [ERROR] Fallo general en ciclo: [Errno -5] No address associated with hostname
2025-10-07 18:08:47,629 [ERROR] Fallo general en ciclo: [Errno -2] Name or service not known
2025-10-07 18:22:41,058 [ERROR] Fallo general en ciclo: [Errno -5] No address associated with hostname
2025-10-07 18:37:44,670 [ERROR] Fallo general en ciclo: socket error: EOF occurred in violation of protocol (_ssl.c:2437)
2025-10-07 18:59:28,403 [ERROR] Fallo general en ciclo: [Errno -2] Name or service not known
2025-10-07 19:10:32,381 [ERROR] Fallo general en ciclo: [Errno -5] No address associated with hostname
2025-10-07 19:24:21,313 [ERROR] Fallo general en ciclo: [SSL: UNEXPECTED_EOF_WHILE_READING] EOF occurred in violation of protocol (_ssl.c:1016)
2025-10-07 19:36:41,119 [ERROR] Fallo general en ciclo: [Errno -5] No address associated with hostname
2025-10-07 19:47:45,621 [ERROR] Fallo general en ciclo: [Errno -2] Name or service not known
2025-10-07 20:00:14,540 [ERROR] Fallo general en ciclo: [Errno -5] No address associated with hostname
2025-10-07 20:15:05,656 [ERROR] Fallo general en ciclo: socket error: EOF occurred in violation of protocol (_ssl.c:2437)
2025-10-07 20:26:37,983 [ERROR] Fallo general en ciclo: [Errno -5] No address associated with hostname
2025-10-07 20:56:15,573 [ERROR] Fallo general en ciclo: [Errno -5] No address associated with hostname
2025-10-07 21:00:50,524 [INFO] [Task-id 2046b2e0] Iniciando ciclo: 1 mensaje(s) pendientes del filtro 
2025-10-07 21:00:55,306 [INFO] [Task-id 2046b2e0] Procesando mensaje 89 de marcodeandrea@hotmail.com.ar - Asunto: Registro de personas (mensaje de test)
2025-10-07 21:00:55,323 [INFO] [Task-id 2046b2e0] Adjunto guardado: /data/2025/10/07/fake_people_2.xlsx
2025-10-07 21:00:55,326 [INFO] [Task-id 2046b2e0] Enviando confirmación a marcodeandrea@hotmail.com.ar
2025-10-07 21:03:16,482 [INFO] [Task-id 8fa69340] Iniciando ciclo: 1 mensaje(s) pendientes del filtro 
2025-10-07 21:03:18,994 [INFO] [Task-id 8fa69340] Procesando mensaje 90 de marcodeandrea@hotmail.com.ar - Asunto: Registro de personas 2
2025-10-07 21:03:19,010 [INFO] [Task-id 8fa69340] Adjunto guardado: /data/2025/10/07/fake_people_2_1759881799.xlsx
2025-10-07 21:03:19,012 [INFO] [Task-id 8fa69340] Enviando confirmación a marcodeandrea@hotmail.com.ar
2025-10-07 21:03:44,772 [INFO] [Task-id b694e9f8] Iniciando ciclo: 1 mensaje(s) pendientes del filtro 
2025-10-07 21:03:46,825 [INFO] [Task-id b694e9f8] Procesando mensaje 91 de marcodeandrea@hotmail.com.ar - Asunto: Datos 3
2025-10-07 21:03:46,840 [INFO] [Task-id b694e9f8] Adjunto guardado: /data/2025/10/07/fake_people_3.xlsx
2025-10-07 21:03:46,842 [INFO] [Task-id b694e9f8] Enviando confirmación a marcodeandrea@hotmail.com.ar
2025-10-07 21:04:24,040 [INFO] [Task-id f3b9fdc6] Iniciando ciclo: 1 mensaje(s) pendientes del filtro 
2025-10-07 21:04:25,904 [INFO] [Task-id f3b9fdc6] Procesando mensaje 92 de marcodeandrea@hotmail.com.ar - Asunto: Hola mando los datos (mensaje de prueba)
2025-10-07 21:04:25,917 [INFO] [Task-id f3b9fdc6] Adjunto guardado: /data/2025/10/07/fake_people_4.xlsx
2025-10-07 21:04:25,919 [INFO] [Task-id f3b9fdc6] Enviando confirmación a marcodeandrea@hotmail.com.ar
2025-10-07 21:05:37,578 [INFO] [Task-id 7e9cd618] Iniciando ciclo: 1 mensaje(s) pendientes del filtro 
2025-10-07 21:05:37,922 [INFO] Omitido por ser respuesta (reply). From=marcodeandrea@hotmail.com.ar Subject= RE: [Confirmación] Archivo recibido y guardado - Re: Registro de personas 2
2025-10-07 21:06:01,136 [INFO] [Task-id f6012c5f] Iniciando ciclo: 2 mensaje(s) pendientes del filtro 
2025-10-07 21:06:01,450 [INFO] Omitido por ser respuesta (reply). From=marcodeandrea@hotmail.com.ar Subject= RE: [Confirmación] Archivo recibido y guardado - Re: Registro de personas (mensaje de test)
2025-10-07 21:06:03,488 [INFO] [Task-id f6012c5f] Procesando mensaje 95 de marcodeandrea@hotmail.com.ar - Asunto: Hola como estan mando los datos 5 (mensaje de prueba)
2025-10-07 21:06:03,503 [INFO] [Task-id f6012c5f] Adjunto guardado: /data/2025/10/07/fake_people_5.xlsx
2025-10-07 21:06:03,504 [INFO] [Task-id f6012c5f] Enviando confirmación a marcodeandrea@hotmail.com.ar
2025-10-07 21:07:25,339 [ERROR] Fallo general en ciclo: [Errno -5] No address associated with hostname
2025-10-07 21:07:36,551 [INFO] [Task-id 544fdf1a] Iniciando ciclo: 2 mensaje(s) pendientes del filtro 
2025-10-07 21:07:36,862 [INFO] [Task-id 544fdf1a] Procesando mensaje 96 de marcodeandrea@hotmail.com.ar - Asunto: mando datos 6 y 7 juntos
2025-10-07 21:07:36,867 [INFO] [Task-id 544fdf1a] Enviando ALERTA a system.warning@hospitalposadas.gob.ar
2025-10-07 21:07:38,801 [INFO] [Task-id 544fdf1a] Enviando aviso de error al remitente: marcodeandrea@hotmail.com.ar
2025-10-07 21:07:41,895 [INFO] [Task-id 544fdf1a] Procesando mensaje 97 de marcodeandrea@hotmail.com.ar - Asunto: datos 7,8 ,9 ,10 (mensaje de prueba)
2025-10-07 21:07:41,899 [INFO] [Task-id 544fdf1a] Enviando ALERTA a system.warning@hospitalposadas.gob.ar
2025-10-07 21:07:43,830 [INFO] [Task-id 544fdf1a] Enviando aviso de error al remitente: marcodeandrea@hotmail.com.ar
2025-10-07 21:08:55,402 [INFO] [Task-id 7efb3ff0] Iniciando ciclo: 1 mensaje(s) pendientes del filtro 
2025-10-07 21:08:58,738 [INFO] [Task-id 7efb3ff0] Procesando mensaje 98 de marcodeandrea@hotmail.com.ar - Asunto: perdon no mande nada jajaj ahora mando datos 7,8,9 y 10 (mensaje de prueba)
2025-10-07 21:08:58,753 [INFO] [Task-id 7efb3ff0] Adjunto guardado: /data/2025/10/07/fake_people_10.xlsx
2025-10-07 21:08:58,767 [INFO] [Task-id 7efb3ff0] Adjunto guardado: /data/2025/10/07/fake_people_8.xlsx
2025-10-07 21:08:58,779 [INFO] [Task-id 7efb3ff0] Adjunto guardado: /data/2025/10/07/fake_people_7.xlsx
2025-10-07 21:08:58,781 [INFO] [Task-id 7efb3ff0] Enviando confirmación a marcodeandrea@hotmail.com.ar
2025-10-07 21:21:19,422 [ERROR] Fallo general en ciclo: [Errno -5] No address associated with hostname
2025-10-07 21:33:07,602 [ERROR] Fallo general en ciclo: socket error: EOF occurred in violation of protocol (_ssl.c:2437)
2025-10-07 22:00:12,030 [ERROR] Fallo general en ciclo: [Errno -2] Name or service not known
2025-10-07 22:13:48,223 [ERROR] Fallo general en ciclo: [Errno -5] No address associated with hostname
2025-10-07 22:25:00,630 [ERROR] Fallo general en ciclo: socket error: EOF occurred in violation of protocol (_ssl.c:2437)
2025-10-07 22:51:36,828 [ERROR] Fallo general en ciclo: [Errno -5] No address associated with hostname
2025-10-07 23:13:30,048 [ERROR] Fallo general en ciclo: [Errno -5] No address associated with hostname
2025-10-07 23:39:19,766 [ERROR] Fallo general en ciclo: [Errno -5] No address associated with hostname
2025-10-07 23:50:50,582 [ERROR] Fallo general en ciclo: command: LOGOUT => socket error: EOF
2025-10-08 00:20:57,719 [ERROR] Fallo general en ciclo: [Errno -5] No address associated with hostname
2025-10-08 00:31:48,718 [ERROR] Fallo general en ciclo: [Errno -5] No address associated with hostname
2025-10-08 00:42:34,841 [ERROR] Fallo general en ciclo: [Errno -2] Name or service not known
2025-10-08 00:56:13,218 [ERROR] Fallo general en ciclo: [Errno -2] Name or service not known
2025-10-08 01:07:35,465 [ERROR] Fallo general en ciclo: [Errno -5] No address associated with hostname
2025-10-08 01:26:54,966 [ERROR] Fallo general en ciclo: [Errno -2] Name or service not known
2025-10-08 01:39:20,780 [ERROR] Fallo general en ciclo: [Errno -5] No address associated with hostname
2025-10-08 01:53:32,451 [ERROR] Fallo general en ciclo: [Errno -2] Name or service not known
2025-10-08 02:10:20,097 [ERROR] Fallo general en ciclo: [Errno -5] No address associated with hostname
2025-10-08 02:21:12,576 [ERROR] Fallo general en ciclo: command: LOGOUT => socket error: EOF
2025-10-08 02:28:15,848 [ERROR] Fallo general en ciclo: [SSL: UNEXPECTED_EOF_WHILE_READING] EOF occurred in violation of protocol (_ssl.c:1016)
2025-10-08 02:29:32,899 [ERROR] Fallo general en ciclo: [Errno 111] Connection refused
2025-10-08 02:30:03,942 [ERROR] Fallo general en ciclo: [Errno 111] Connection refused
2025-10-08 02:30:34,972 [ERROR] Fallo general en ciclo: [Errno 111] Connection refused
2025-10-08 02:31:06,006 [ERROR] Fallo general en ciclo: [Errno 111] Connection refused
2025-10-08 02:32:53,268 [ERROR] Fallo general en ciclo: [SSL: UNEXPECTED_EOF_WHILE_READING] EOF occurred in violation of protocol (_ssl.c:1016)
2025-10-08 02:33:24,344 [ERROR] Fallo general en ciclo: [Errno 111] Connection refused
2025-10-08 02:36:11,752 [ERROR] Fallo general en ciclo: [SSL: UNEXPECTED_EOF_WHILE_READING] EOF occurred in violation of protocol (_ssl.c:1016)
2025-10-08 02:36:56,684 [ERROR] Fallo general en ciclo: [SSL: UNEXPECTED_EOF_WHILE_READING] EOF occurred in violation of protocol (_ssl.c:1016)
2025-10-08 02:38:05,503 [ERROR] Fallo general en ciclo: [SSL: UNEXPECTED_EOF_WHILE_READING] EOF occurred in violation of protocol (_ssl.c:1016)
2025-10-08 02:38:36,562 [ERROR] Fallo general en ciclo: [Errno 111] Connection refused
2025-10-08 02:39:07,634 [ERROR] Fallo general en ciclo: [Errno 111] Connection refused
2025-10-08 02:39:38,683 [ERROR] Fallo general en ciclo: [Errno 111] Connection refused
2025-10-08 02:40:50,457 [ERROR] Fallo general en ciclo: [SSL: UNEXPECTED_EOF_WHILE_READING] EOF occurred in violation of protocol (_ssl.c:1016)
2025-10-08 02:41:21,507 [ERROR] Fallo general en ciclo: [Errno 111] Connection refused
2025-10-08 02:41:52,575 [ERROR] Fallo general en ciclo: [Errno 111] Connection refused
2025-10-08 02:42:23,652 [ERROR] Fallo general en ciclo: [Errno 111] Connection refused
2025-10-08 02:42:54,716 [ERROR] Fallo general en ciclo: [Errno 111] Connection refused
2025-10-08 02:45:31,733 [ERROR] Fallo general en ciclo: [Errno -2] Name or service not known
2025-10-08 02:46:03,794 [ERROR] Fallo general en ciclo: [Errno 111] Connection refused
2025-10-08 02:46:34,833 [ERROR] Fallo general en ciclo: [Errno 111] Connection refused
2025-10-08 02:47:05,871 [ERROR] Fallo general en ciclo: [Errno 111] Connection refused
2025-10-08 02:47:49,605 [ERROR] Fallo general en ciclo: [SSL: UNEXPECTED_EOF_WHILE_READING] EOF occurred in violation of protocol (_ssl.c:1016)
2025-10-08 02:48:20,675 [ERROR] Fallo general en ciclo: [Errno 111] Connection refused
2025-10-08 02:48:51,719 [ERROR] Fallo general en ciclo: [Errno 111] Connection refused
2025-10-08 02:49:22,770 [ERROR] Fallo general en ciclo: [Errno 111] Connection refused
2025-10-08 02:49:53,826 [ERROR] Fallo general en ciclo: [Errno 111] Connection refused
2025-10-08 02:50:24,879 [ERROR] Fallo general en ciclo: [Errno 111] Connection refused
2025-10-08 02:53:06,236 [ERROR] Fallo general en ciclo: [SSL: UNEXPECTED_EOF_WHILE_READING] EOF occurred in violation of protocol (_ssl.c:1016)
2025-10-08 02:53:37,266 [ERROR] Fallo general en ciclo: [Errno 111] Connection refused
2025-10-08 02:54:08,312 [ERROR] Fallo general en ciclo: [Errno 111] Connection refused
2025-10-08 02:54:39,370 [ERROR] Fallo general en ciclo: [Errno 111] Connection refused
2025-10-08 02:57:12,575 [ERROR] Fallo general en ciclo: [SSL: UNEXPECTED_EOF_WHILE_READING] EOF occurred in violation of protocol (_ssl.c:1016)
2025-10-08 03:08:12,283 [ERROR] Fallo general en ciclo: [Errno -5] No address associated with hostname
2025-10-08 03:19:33,445 [ERROR] Fallo general en ciclo: [Errno -2] Name or service not known
2025-10-08 03:31:39,602 [ERROR] Fallo general en ciclo: [Errno -5] No address associated with hostname
2025-10-08 03:55:21,646 [ERROR] Fallo general en ciclo: [Errno -5] No address associated with hostname
2025-10-08 04:23:01,437 [ERROR] Fallo general en ciclo: [SSL: UNEXPECTED_EOF_WHILE_READING] EOF occurred in violation of protocol (_ssl.c:1016)
2025-10-08 04:33:52,647 [ERROR] Fallo general en ciclo: command: LOGOUT => socket error: EOF
2025-10-08 04:55:17,082 [ERROR] Fallo general en ciclo: [Errno -5] No address associated with hostname
2025-10-08 05:11:04,677 [ERROR] Fallo general en ciclo: socket error: EOF occurred in violation of protocol (_ssl.c:2437)
2025-10-08 05:34:30,277 [ERROR] Fallo general en ciclo: [Errno -5] No address associated with hostname
2025-10-08 06:03:19,417 [ERROR] Fallo general en ciclo: [Errno -2] Name or service not known
2025-10-08 06:17:43,687 [ERROR] Fallo general en ciclo: [Errno -5] No address associated with hostname
2025-10-08 06:29:55,601 [ERROR] Fallo general en ciclo: socket error: EOF occurred in violation of protocol (_ssl.c:2437)
2025-10-08 06:54:09,939 [ERROR] Fallo general en ciclo: [Errno -5] No address associated with hostname
2025-10-08 07:04:45,024 [ERROR] Fallo general en ciclo: [Errno -2] Name or service not known
2025-10-08 07:15:34,299 [ERROR] Fallo general en ciclo: [Errno -5] No address associated with hostname
2025-10-08 07:16:28,356 [ERROR] Fallo general en ciclo: [Errno 111] Connection refused
2025-10-08 07:16:59,401 [ERROR] Fallo general en ciclo: [Errno 111] Connection refused
2025-10-08 07:26:45,186 [ERROR] Fallo general en ciclo: [Errno -5] No address associated with hostname
2025-10-08 07:49:56,368 [ERROR] Fallo general en ciclo: [Errno -2] Name or service not known
2025-10-08 08:01:00,354 [ERROR] Fallo general en ciclo: [Errno -5] No address associated with hostname
2025-10-08 08:11:59,118 [ERROR] Fallo general en ciclo: [Errno -5] No address associated with hostname
2025-10-08 09:25:26,912 [ERROR] Fallo general en ciclo: [Errno -5] No address associated with hostname
2025-10-08 09:33:30,110 [INFO] [Task-id 2f0bd11c] Iniciando ciclo: 1 mensaje(s) pendientes del filtro 
2025-10-08 09:33:30,940 [INFO] [Task-id 2f0bd11c] Procesando mensaje 99 de marco.deandrea@hospitalposadas.gob.ar - Asunto: 
2025-10-08 09:33:30,951 [INFO] [Task-id 2f0bd11c] Enviando ALERTA a system.warning@hospitalposadas.gob.ar
2025-10-08 09:33:32,896 [INFO] [Task-id 2f0bd11c] Enviando aviso de error al remitente: marco.deandrea@hospitalposadas.gob.ar
2025-10-08 09:34:20,890 [INFO] [Task-id bfe4a980] Iniciando ciclo: 1 mensaje(s) pendientes del filtro 
2025-10-08 09:34:21,678 [INFO] [Task-id bfe4a980] Procesando mensaje 100 de marco.deandrea@hospitalposadas.gob.ar - Asunto: 
2025-10-08 09:34:21,690 [INFO] [Task-id bfe4a980] Adjunto guardado: /data/2025/10/08/Nuevo Documento de texto (2).txt
2025-10-08 09:34:21,694 [INFO] [Task-id bfe4a980] Enviando confirmación a marco.deandrea@hospitalposadas.gob.ar
2025-10-08 09:51:59,051 [INFO] [Task-id e55d57c2] Iniciando ciclo: 1 mensaje(s) pendientes del filtro 
2025-10-08 09:51:59,558 [INFO] [Task-id e55d57c2] Procesando mensaje 101 de marco.deandrea@hospitalposadas.gob.ar - Asunto: 
2025-10-08 09:51:59,569 [INFO] [Task-id e55d57c2] Adjunto guardado: /data/2025/10/08/Nuevo Documento de texto (3).txt
2025-10-08 09:51:59,574 [INFO] [Task-id e55d57c2] Enviando confirmación a marco.deandrea@hospitalposadas.gob.ar
2025-10-08 09:52:24,998 [INFO] [Task-id 5197db55] Iniciando ciclo: 1 mensaje(s) pendientes del filtro 
2025-10-08 09:52:25,157 [INFO] Omitido por ser respuesta (reply). From=marco.deandrea@hospitalposadas.gob.ar Subject=RE: [Confirmación] Archivo recibido y guardado - Re:
